{"C:\\Users\\Reshy\\Desktop\\git\\Module 2\\To-Do-List-JS\\src\\add-item.js": {"path":"C:\\Users\\Reshy\\Desktop\\git\\Module 2\\To-Do-List-JS\\src\\add-item.js","statementMap":{"0":{"start":{"line":4,"column":13},"end":{"line":4,"column":56}},"1":{"start":{"line":5,"column":12},"end":{"line":5,"column":13}},"2":{"start":{"line":6,"column":2},"end":{"line":6,"column":65}},"3":{"start":{"line":6,"column":15},"end":{"line":6,"column":16}},"4":{"start":{"line":6,"column":44},"end":{"line":6,"column":63}},"5":{"start":{"line":7,"column":2},"end":{"line":7,"column":49}},"6":{"start":{"line":7,"column":27},"end":{"line":7,"column":47}},"7":{"start":{"line":8,"column":15},"end":{"line":12,"column":3}},"8":{"start":{"line":13,"column":2},"end":{"line":13,"column":51}},"9":{"start":{"line":14,"column":2},"end":{"line":14,"column":17}},"10":{"start":{"line":15,"column":2},"end":{"line":15,"column":18}},"11":{"start":{"line":16,"column":2},"end":{"line":16,"column":13}}},"fnMap":{"0":{"name":"(anonymous_0)","decl":{"start":{"line":3,"column":15},"end":{"line":3,"column":16}},"loc":{"start":{"line":3,"column":24},"end":{"line":17,"column":1}},"line":3}},"branchMap":{"0":{"loc":{"start":{"line":7,"column":2},"end":{"line":7,"column":49}},"type":"if","locations":[{"start":{"line":7,"column":2},"end":{"line":7,"column":49}},{"start":{"line":7,"column":2},"end":{"line":7,"column":49}}],"line":7}},"s":{"0":4,"1":4,"2":4,"3":4,"4":10,"5":4,"6":3,"7":4,"8":4,"9":4,"10":4,"11":4},"f":{"0":4},"b":{"0":[3,1]},"_coverageSchema":"1a1c01bbd47fc00a2c39e90264f33305004495a9","hash":"46413e4a7abe719a7eeac1ec40cafbd4e08793a3"}
,"C:\\Users\\Reshy\\Desktop\\git\\Module 2\\To-Do-List-JS\\src\\checkboxes.js": {"path":"C:\\Users\\Reshy\\Desktop\\git\\Module 2\\To-Do-List-JS\\src\\checkboxes.js","statementMap":{"0":{"start":{"line":4,"column":2},"end":{"line":12,"column":3}},"1":{"start":{"line":4,"column":15},"end":{"line":4,"column":16}},"2":{"start":{"line":5,"column":4},"end":{"line":11,"column":5}},"3":{"start":{"line":6,"column":6},"end":{"line":6,"column":32}},"4":{"start":{"line":7,"column":6},"end":{"line":7,"column":80}},"5":{"start":{"line":9,"column":6},"end":{"line":9,"column":33}},"6":{"start":{"line":10,"column":6},"end":{"line":10,"column":72}},"7":{"start":{"line":13,"column":2},"end":{"line":13,"column":18}}},"fnMap":{"0":{"name":"(anonymous_0)","decl":{"start":{"line":3,"column":15},"end":{"line":3,"column":16}},"loc":{"start":{"line":3,"column":24},"end":{"line":14,"column":1}},"line":3}},"branchMap":{"0":{"loc":{"start":{"line":5,"column":4},"end":{"line":11,"column":5}},"type":"if","locations":[{"start":{"line":5,"column":4},"end":{"line":11,"column":5}},{"start":{"line":5,"column":4},"end":{"line":11,"column":5}}],"line":5}},"s":{"0":0,"1":0,"2":0,"3":0,"4":0,"5":0,"6":0,"7":0},"f":{"0":0},"b":{"0":[0,0]},"_coverageSchema":"1a1c01bbd47fc00a2c39e90264f33305004495a9","hash":"e1fc08f5b6e819392517f3de97eb0b7df959de9c"}
,"C:\\Users\\Reshy\\Desktop\\git\\Module 2\\To-Do-List-JS\\src\\edit-item.js": {"path":"C:\\Users\\Reshy\\Desktop\\git\\Module 2\\To-Do-List-JS\\src\\edit-item.js","statementMap":{"0":{"start":{"line":2,"column":4},"end":{"line":2,"column":77}},"1":{"start":{"line":3,"column":4},"end":{"line":3,"column":15}}},"fnMap":{"0":{"name":"(anonymous_0)","decl":{"start":{"line":1,"column":15},"end":{"line":1,"column":16}},"loc":{"start":{"line":1,"column":30},"end":{"line":4,"column":1}},"line":1}},"branchMap":{},"s":{"0":0,"1":0},"f":{"0":0},"b":{},"_coverageSchema":"1a1c01bbd47fc00a2c39e90264f33305004495a9","hash":"cdc8bab9282d4ca0706e9a5bd271bcd27c8fb021"}
,"C:\\Users\\Reshy\\Desktop\\git\\Module 2\\To-Do-List-JS\\src\\remove-item.js": {"path":"C:\\Users\\Reshy\\Desktop\\git\\Module 2\\To-Do-List-JS\\src\\remove-item.js","statementMap":{"0":{"start":{"line":4,"column":19},"end":{"line":4,"column":21}},"1":{"start":{"line":5,"column":2},"end":{"line":7,"column":3}},"2":{"start":{"line":5,"column":15},"end":{"line":5,"column":16}},"3":{"start":{"line":6,"column":4},"end":{"line":6,"column":57}},"4":{"start":{"line":6,"column":38},"end":{"line":6,"column":55}},"5":{"start":{"line":8,"column":16},"end":{"line":8,"column":17}},"6":{"start":{"line":9,"column":2},"end":{"line":12,"column":5}},"7":{"start":{"line":10,"column":4},"end":{"line":10,"column":37}},"8":{"start":{"line":11,"column":4},"end":{"line":11,"column":17}},"9":{"start":{"line":13,"column":2},"end":{"line":15,"column":3}},"10":{"start":{"line":13,"column":15},"end":{"line":13,"column":16}},"11":{"start":{"line":14,"column":4},"end":{"line":14,"column":21}},"12":{"start":{"line":16,"column":2},"end":{"line":16,"column":18}},"13":{"start":{"line":17,"column":2},"end":{"line":17,"column":13}}},"fnMap":{"0":{"name":"(anonymous_0)","decl":{"start":{"line":3,"column":15},"end":{"line":3,"column":16}},"loc":{"start":{"line":3,"column":24},"end":{"line":18,"column":1}},"line":3},"1":{"name":"(anonymous_1)","decl":{"start":{"line":9,"column":19},"end":{"line":9,"column":20}},"loc":{"start":{"line":9,"column":32},"end":{"line":12,"column":3}},"line":9}},"branchMap":{"0":{"loc":{"start":{"line":6,"column":4},"end":{"line":6,"column":57}},"type":"if","locations":[{"start":{"line":6,"column":4},"end":{"line":6,"column":57}},{"start":{"line":6,"column":4},"end":{"line":6,"column":57}}],"line":6}},"s":{"0":0,"1":0,"2":0,"3":0,"4":0,"5":0,"6":0,"7":0,"8":0,"9":0,"10":0,"11":0,"12":0,"13":0},"f":{"0":0,"1":0},"b":{"0":[0,0]},"_coverageSchema":"1a1c01bbd47fc00a2c39e90264f33305004495a9","hash":"8c765d8b1a164cc7df209741c654fdfdd6e2d7ad"}
,"C:\\Users\\Reshy\\Desktop\\git\\Module 2\\To-Do-List-JS\\src\\remove-one.js": {"path":"C:\\Users\\Reshy\\Desktop\\git\\Module 2\\To-Do-List-JS\\src\\remove-one.js","statementMap":{"0":{"start":{"line":2,"column":2},"end":{"line":2,"column":23}},"1":{"start":{"line":3,"column":2},"end":{"line":5,"column":3}},"2":{"start":{"line":3,"column":15},"end":{"line":3,"column":16}},"3":{"start":{"line":4,"column":4},"end":{"line":4,"column":21}},"4":{"start":{"line":6,"column":2},"end":{"line":6,"column":13}}},"fnMap":{"0":{"name":"(anonymous_0)","decl":{"start":{"line":1,"column":15},"end":{"line":1,"column":16}},"loc":{"start":{"line":1,"column":31},"end":{"line":7,"column":1}},"line":1}},"branchMap":{},"s":{"0":0,"1":0,"2":0,"3":0,"4":0},"f":{"0":0},"b":{},"_coverageSchema":"1a1c01bbd47fc00a2c39e90264f33305004495a9","hash":"0cf37e376801c725c5706a2cf686d3840fb25919"}
,"C:\\Users\\Reshy\\Desktop\\git\\Module 2\\To-Do-List-JS\\src\\storage.js": {"path":"C:\\Users\\Reshy\\Desktop\\git\\Module 2\\To-Do-List-JS\\src\\storage.js","statementMap":{"0":{"start":{"line":1,"column":19},"end":{"line":3,"column":1}},"1":{"start":{"line":2,"column":2},"end":{"line":2,"column":61}},"2":{"start":{"line":5,"column":19},"end":{"line":14,"column":1}},"3":{"start":{"line":6,"column":19},"end":{"line":6,"column":21}},"4":{"start":{"line":7,"column":2},"end":{"line":12,"column":3}},"5":{"start":{"line":8,"column":19},"end":{"line":8,"column":68}},"6":{"start":{"line":9,"column":4},"end":{"line":11,"column":5}},"7":{"start":{"line":9,"column":17},"end":{"line":9,"column":18}},"8":{"start":{"line":10,"column":6},"end":{"line":10,"column":31}},"9":{"start":{"line":13,"column":2},"end":{"line":13,"column":18}}},"fnMap":{"0":{"name":"(anonymous_0)","decl":{"start":{"line":1,"column":19},"end":{"line":1,"column":20}},"loc":{"start":{"line":1,"column":28},"end":{"line":3,"column":1}},"line":1},"1":{"name":"(anonymous_1)","decl":{"start":{"line":5,"column":19},"end":{"line":5,"column":20}},"loc":{"start":{"line":5,"column":25},"end":{"line":14,"column":1}},"line":5}},"branchMap":{"0":{"loc":{"start":{"line":7,"column":2},"end":{"line":12,"column":3}},"type":"if","locations":[{"start":{"line":7,"column":2},"end":{"line":12,"column":3}},{"start":{"line":7,"column":2},"end":{"line":12,"column":3}}],"line":7}},"s":{"0":1,"1":4,"2":1,"3":0,"4":0,"5":0,"6":0,"7":0,"8":0,"9":0},"f":{"0":4,"1":0},"b":{"0":[0,0]},"_coverageSchema":"1a1c01bbd47fc00a2c39e90264f33305004495a9","hash":"986aebbafe00937a895d0e17e13a49a0b251b522"}
,"C:\\Users\\Reshy\\Desktop\\git\\Module 2\\To-Do-List-JS\\src\\swap.js": {"path":"C:\\Users\\Reshy\\Desktop\\git\\Module 2\\To-Do-List-JS\\src\\swap.js","statementMap":{"0":{"start":{"line":5,"column":2},"end":{"line":5,"column":106}},"1":{"start":{"line":6,"column":2},"end":{"line":6,"column":98}},"2":{"start":{"line":7,"column":2},"end":{"line":7,"column":18}},"3":{"start":{"line":8,"column":2},"end":{"line":8,"column":13}}},"fnMap":{"0":{"name":"(anonymous_0)","decl":{"start":{"line":4,"column":15},"end":{"line":4,"column":16}},"loc":{"start":{"line":4,"column":40},"end":{"line":9,"column":1}},"line":4}},"branchMap":{},"s":{"0":0,"1":0,"2":0,"3":0},"f":{"0":0},"b":{},"_coverageSchema":"1a1c01bbd47fc00a2c39e90264f33305004495a9","hash":"44f52b9d192237a333080e9635d938b78784a3c7"}
}
